Build started 2017/01/22 14:13:29.
     1>Project "E:\project\Git\Homework\SeqAlignment\SeqAlignment\SeqAlignment.vcxproj" on node 2 (build target(s)).
     1>InitializeBuildStatus:
         Creating "Debug\SeqAlignment.unsuccessfulbuild" because "AlwaysCreate" was specified.
       ClCompile:
         All outputs are up-to-date.
         C:\Program Files (x86)\Microsoft Visual Studio 10.0\VC\bin\CL.exe /c /ZI /nologo /W3 /WX- /Od /Oy- /D WIN32 /D _DEBUG /D _CONSOLE /D _UNICODE /D UNICODE /Gm /EHsc /RTC1 /MDd /GS /fp:precise /Zc:wchar_t /Zc:forScope /Yu"StdAfx.h" /Fp"Debug\SeqAlignment.pch" /Fo"Debug\\" /Fd"Debug\vc100.pdb" /Gd /TP /analyze- /errorReport:prompt SeqAlignment.cpp
         SeqAlignment.cpp
       ManifestResourceCompile:
         All outputs are up-to-date.
       Link:
         C:\Program Files (x86)\Microsoft Visual Studio 10.0\VC\bin\link.exe /ERRORREPORT:PROMPT /OUT:"E:\project\Git\Homework\SeqAlignment\Debug\SeqAlignment.exe" /INCREMENTAL /NOLOGO kernel32.lib user32.lib gdi32.lib winspool.lib comdlg32.lib advapi32.lib shell32.lib ole32.lib oleaut32.lib uuid.lib odbc32.lib odbccp32.lib /MANIFEST /ManifestFile:"Debug\SeqAlignment.exe.intermediate.manifest" /MANIFESTUAC:"level='asInvoker' uiAccess='false'" /DEBUG /PDB:"E:\project\Git\Homework\SeqAlignment\Debug\SeqAlignment.pdb" /SUBSYSTEM:CONSOLE /TLBID:1 /DYNAMICBASE /NXCOMPAT /IMPLIB:"E:\project\Git\Homework\SeqAlignment\Debug\SeqAlignment.lib" /MACHINE:X86 Debug\SeqAlignment.exe.embed.manifest.res
         Debug\SeqAlignment.obj
         Debug\stdafx.obj
       Manifest:
         c:\Program Files (x86)\Microsoft SDKs\Windows\v7.0A\bin\mt.exe /nologo /verbose /out:"Debug\SeqAlignment.exe.embed.manifest" /manifest Debug\SeqAlignment.exe.intermediate.manifest
         All outputs are up-to-date.
       LinkEmbedManifest:
         All outputs are up-to-date.
         SeqAlignment.vcxproj -> E:\project\Git\Homework\SeqAlignment\Debug\SeqAlignment.exe
       FinalizeBuildStatus:
         Deleting file "Debug\SeqAlignment.unsuccessfulbuild".
         Touching "Debug\SeqAlignment.lastbuildstate".
     1>Done Building Project "E:\project\Git\Homework\SeqAlignment\SeqAlignment\SeqAlignment.vcxproj" (build target(s)).

Build succeeded.

Time Elapsed 00:00:03.17
